/*C12*/SET SCHEMA PUBLIC
DELETE FROM LOAN WHERE LOAN_UUID='f79d146a5d4d4a13be5617d5813865e5'
INSERT INTO LOAN VALUES('f79d146a5d4d4a13be5617d5813865e5','Civilian',70000100,0.35499998927116394E0,'3f06af63a93c11e4979700505690773f')
COMMIT
DELETE FROM LOAN WHERE LOAN_UUID='f79d146a5d4d4a13be5617d5813865e5'
INSERT INTO LOAN VALUES('f79d146a5d4d4a13be5617d5813865e5','Civilian',700000,0.3499999940395355E0,'3f06af63a93c11e4979700505690773f')
COMMIT
DELETE FROM LOAN WHERE LOAN_UUID='f79d146a5d4d4a13be5617d5813865e5'
INSERT INTO LOAN VALUES('f79d146a5d4d4a13be5617d5813865e5','Civilian',7008800,0.3499999940395355E0,'3f06af63a93c11e4979700505690773f')
COMMIT
/*C13*/SET SCHEMA PUBLIC
DISCONNECT
/*C14*/SET SCHEMA PUBLIC
DISCONNECT
/*C18*/SET SCHEMA PUBLIC
DISCONNECT
/*C16*/SET SCHEMA PUBLIC
DISCONNECT
/*C15*/SET SCHEMA PUBLIC
DISCONNECT
/*C21*/SET SCHEMA PUBLIC
DISCONNECT
/*C17*/SET SCHEMA PUBLIC
DISCONNECT
/*C20*/SET SCHEMA PUBLIC
DISCONNECT
/*C12*/DISCONNECT
/*C19*/SET SCHEMA PUBLIC
DISCONNECT
/*C22*/SET SCHEMA PUBLIC
INSERT INTO PAYMENT VALUES('22e1551e2dc049eb9f9c416f0d58526d','2021-05-18',7213216,7008793,204423,'30c2c2c112824ff19275c1e4a1f56031')
DELETE FROM LOAN_OFFER WHERE LOAN_OFFER_UUID='30c2c2c112824ff19275c1e4a1f56031'
INSERT INTO LOAN_OFFER VALUES('30c2c2c112824ff19275c1e4a1f56031','447fcc6a741947128d4bcbd66bc2448a','f79d146a5d4d4a13be5617d5813865e5',7008800,204423,1,'2021-05-18')
DELETE FROM PAYMENT WHERE PAYMENT_UUID='80c9830cd8e94704a5b8d0c8ce8d556b'
COMMIT
DELETE FROM PAYMENT WHERE PAYMENT_UUID='22e1551e2dc049eb9f9c416f0d58526d'
DELETE FROM LOAN_OFFER WHERE LOAN_OFFER_UUID='30c2c2c112824ff19275c1e4a1f56031'
COMMIT
DELETE FROM LOAN WHERE LOAN_UUID='f79d146a5d4d4a13be5617d5813865e5'
INSERT INTO LOAN VALUES('f79d146a5d4d4a13be5617d5813865e5','Civilian',7000000,0.3499999940395355E0,'3f06af63a93c11e4979700505690773f')
COMMIT
